# JRE version: OpenJDK Runtime Environment GraalVM CE 22.3.0 (17.0.5+8) (build 17.0.5+8-jvmci-22.3-b08)
# Java VM: OpenJDK 64-Bit Server VM GraalVM CE 22.3.0 (17.0.5+8-jvmci-22.3-b08, mixed mode, sharing, tiered, jvmci, jvmci compiler, compressed oops, compressed class ptrs, parallel gc, linux-amd64)
GC Precious Log:
 CPUs: 8 total, 1 available
 Memory: 1024M
 Large Page Support: Disabled
 NUMA Support: Disabled
 Compressed Oops: Enabled (32-bit)
 Alignments: Space 512K, Generation 512K, Heap 2M
 Heap Min Capacity: 100M
 Heap Initial Capacity: 100M
 Heap Max Capacity: 512M
 Pre-touch: Disabled
 Parallel Workers: 1
Heap:
 PSYoungGen      total 53760K, used 39935K [0x00000000f5580000, 0x00000000f9900000, 0x0000000100000000)
  eden space 39936K, 99% used [0x00000000f5580000,0x00000000f7c7fff8,0x00000000f7c80000)
  from space 13824K, 0% used [0x00000000f8a00000,0x00000000f8a00000,0x00000000f9780000)
  to   space 13824K, 0% used [0x00000000f7c80000,0x00000000f7c80000,0x00000000f8a00000)
 ParOldGen       total 349696K, used 349694K [0x00000000e0000000, 0x00000000f5580000, 0x00000000f5580000)
  object space 349696K, 99% used [0x00000000e0000000,0x00000000f557f9e0,0x00000000f5580000)
 Metaspace       used 60756K, committed 61760K, reserved 1105920K
  class space    used 5979K, committed 6464K, reserved 1048576K
GC Heap History (20 events):
Event: 1328.868 GC heap before
{Heap before GC invocations=594 (full 493):
 PSYoungGen      total 53760K, used 39935K [0x00000000f5580000, 0x00000000f9900000, 0x0000000100000000)
  eden space 39936K, 99% used [0x00000000f5580000,0x00000000f7c7fff8,0x00000000f7c80000)
  from space 13824K, 0% used [0x00000000f8a00000,0x00000000f8a00000,0x00000000f9780000)
  to   space 13824K, 0% used [0x00000000f7c80000,0x00000000f7c80000,0x00000000f8a00000)
 ParOldGen       total 349696K, used 349696K [0x00000000e0000000, 0x00000000f5580000, 0x00000000f5580000)
  object space 349696K, 100% used [0x00000000e0000000,0x00000000f5580000,0x00000000f5580000)
 Metaspace       used 60756K, committed 61760K, reserved 1105920K
  class space    used 5979K, committed 6464K, reserved 1048576K
}
Event: 1330.826 GC heap after
{Heap after GC invocations=594 (full 493):
 PSYoungGen      total 53760K, used 39935K [0x00000000f5580000, 0x00000000f9900000, 0x0000000100000000)
  eden space 39936K, 99% used [0x00000000f5580000,0x00000000f7c7fff8,0x00000000f7c80000)
  from space 13824K, 0% used [0x00000000f7c80000,0x00000000f7c80000,0x00000000f8a00000)
  to   space 13824K, 0% used [0x00000000f8a00000,0x00000000f8a00000,0x00000000f9780000)
 ParOldGen       total 349696K, used 349696K [0x00000000e0000000, 0x00000000f5580000, 0x00000000f5580000)
  object space 349696K, 100% used [0x00000000e0000000,0x00000000f5580000,0x00000000f5580000)
 Metaspace       used 60756K, committed 61760K, reserved 1105920K
  class space    used 5979K, committed 6464K, reserved 1048576K
}
Event: 1330.826 GC heap before
{Heap before GC invocations=595 (full 494):
 PSYoungGen      total 53760K, used 39935K [0x00000000f5580000, 0x00000000f9900000, 0x0000000100000000)
  eden space 39936K, 99% used [0x00000000f5580000,0x00000000f7c7fff8,0x00000000f7c80000)
  from space 13824K, 0% used [0x00000000f7c80000,0x00000000f7c80000,0x00000000f8a00000)
  to   space 13824K, 0% used [0x00000000f8a00000,0x00000000f8a00000,0x00000000f9780000)
 ParOldGen       total 349696K, used 349696K [0x00000000e0000000, 0x00000000f5580000, 0x00000000f5580000)
  object space 349696K, 100% used [0x00000000e0000000,0x00000000f5580000,0x00000000f5580000)
 Metaspace       used 60756K, committed 61760K, reserved 1105920K
  class space    used 5979K, committed 6464K, reserved 1048576K
}
Event: 1332.749 GC heap after
{Heap after GC invocations=595 (full 494):
 PSYoungGen      total 53760K, used 39935K [0x00000000f5580000, 0x00000000f9900000, 0x0000000100000000)
  eden space 39936K, 99% used [0x00000000f5580000,0x00000000f7c7fff8,0x00000000f7c80000)
  from space 13824K, 0% used [0x00000000f8a00000,0x00000000f8a00000,0x00000000f9780000)
  to   space 13824K, 0% used [0x00000000f7c80000,0x00000000f7c80000,0x00000000f8a00000)
 ParOldGen       total 349696K, used 349696K [0x00000000e0000000, 0x00000000f5580000, 0x00000000f5580000)
  object space 349696K, 100% used [0x00000000e0000000,0x00000000f5580000,0x00000000f5580000)
 Metaspace       used 60756K, committed 61760K, reserved 1105920K
  class space    used 5979K, committed 6464K, reserved 1048576K
}
Event: 1332.749 GC heap before
{Heap before GC invocations=596 (full 495):
 PSYoungGen      total 53760K, used 39935K [0x00000000f5580000, 0x00000000f9900000, 0x0000000100000000)
  eden space 39936K, 99% used [0x00000000f5580000,0x00000000f7c7fff8,0x00000000f7c80000)
  from space 13824K, 0% used [0x00000000f8a00000,0x00000000f8a00000,0x00000000f9780000)
  to   space 13824K, 0% used [0x00000000f7c80000,0x00000000f7c80000,0x00000000f8a00000)
 ParOldGen       total 349696K, used 349696K [0x00000000e0000000, 0x00000000f5580000, 0x00000000f5580000)
  object space 349696K, 100% used [0x00000000e0000000,0x00000000f5580000,0x00000000f5580000)
 Metaspace       used 60756K, committed 61760K, reserved 1105920K
  class space    used 5979K, committed 6464K, reserved 1048576K
}
Event: 1334.765 GC heap after
{Heap after GC invocations=596 (full 495):
 PSYoungGen      total 53760K, used 39935K [0x00000000f5580000, 0x00000000f9900000, 0x0000000100000000)
  eden space 39936K, 99% used [0x00000000f5580000,0x00000000f7c7fee8,0x00000000f7c80000)
  from space 13824K, 0% used [0x00000000f7c80000,0x00000000f7c80000,0x00000000f8a00000)
  to   space 13824K, 0% used [0x00000000f8a00000,0x00000000f8a00000,0x00000000f9780000)
 ParOldGen       total 349696K, used 349695K [0x00000000e0000000, 0x00000000f5580000, 0x00000000f5580000)
  object space 349696K, 99% used [0x00000000e0000000,0x00000000f557ffe8,0x00000000f5580000)
 Metaspace       used 60756K, committed 61760K, reserved 1105920K
  class space    used 5979K, committed 6464K, reserved 1048576K
}
Event: 1334.766 GC heap before
{Heap before GC invocations=597 (full 496):
 PSYoungGen      total 53760K, used 39935K [0x00000000f5580000, 0x00000000f9900000, 0x0000000100000000)
  eden space 39936K, 99% used [0x00000000f5580000,0x00000000f7c7ffe8,0x00000000f7c80000)
  from space 13824K, 0% used [0x00000000f7c80000,0x00000000f7c80000,0x00000000f8a00000)
  to   space 13824K, 0% used [0x00000000f8a00000,0x00000000f8a00000,0x00000000f9780000)
 ParOldGen       total 349696K, used 349695K [0x00000000e0000000, 0x00000000f5580000, 0x00000000f5580000)
  object space 349696K, 99% used [0x00000000e0000000,0x00000000f557ffe8,0x00000000f5580000)
 Metaspace       used 60756K, committed 61760K, reserved 1105920K
  class space    used 5979K, committed 6464K, reserved 1048576K
}
Event: 1336.636 GC heap after
{Heap after GC invocations=597 (full 496):
 PSYoungGen      total 53760K, used 39935K [0x00000000f5580000, 0x00000000f9900000, 0x0000000100000000)
  eden space 39936K, 99% used [0x00000000f5580000,0x00000000f7c7ffe8,0x00000000f7c80000)
  from space 13824K, 0% used [0x00000000f8a00000,0x00000000f8a00000,0x00000000f9780000)
  to   space 13824K, 0% used [0x00000000f7c80000,0x00000000f7c80000,0x00000000f8a00000)
 ParOldGen       total 349696K, used 349695K [0x00000000e0000000, 0x00000000f5580000, 0x00000000f5580000)
  object space 349696K, 99% used [0x00000000e0000000,0x00000000f557ffe8,0x00000000f5580000)
 Metaspace       used 60756K, committed 61760K, reserved 1105920K
  class space    used 5979K, committed 6464K, reserved 1048576K
}
Event: 1336.636 GC heap before
{Heap before GC invocations=598 (full 497):
 PSYoungGen      total 53760K, used 39935K [0x00000000f5580000, 0x00000000f9900000, 0x0000000100000000)
  eden space 39936K, 99% used [0x00000000f5580000,0x00000000f7c7ffe8,0x00000000f7c80000)
  from space 13824K, 0% used [0x00000000f8a00000,0x00000000f8a00000,0x00000000f9780000)
  to   space 13824K, 0% used [0x00000000f7c80000,0x00000000f7c80000,0x00000000f8a00000)
 ParOldGen       total 349696K, used 349695K [0x00000000e0000000, 0x00000000f5580000, 0x00000000f5580000)
  object space 349696K, 99% used [0x00000000e0000000,0x00000000f557ffe8,0x00000000f5580000)
 Metaspace       used 60756K, committed 61760K, reserved 1105920K
  class space    used 5979K, committed 6464K, reserved 1048576K
}
Event: 1338.536 GC heap after
{Heap after GC invocations=598 (full 497):
 PSYoungGen      total 53760K, used 39935K [0x00000000f5580000, 0x00000000f9900000, 0x0000000100000000)
  eden space 39936K, 99% used [0x00000000f5580000,0x00000000f7c7ffe8,0x00000000f7c80000)
  from space 13824K, 0% used [0x00000000f7c80000,0x00000000f7c80000,0x00000000f8a00000)
  to   space 13824K, 0% used [0x00000000f8a00000,0x00000000f8a00000,0x00000000f9780000)
 ParOldGen       total 349696K, used 349695K [0x00000000e0000000, 0x00000000f5580000, 0x00000000f5580000)
  object space 349696K, 99% used [0x00000000e0000000,0x00000000f557ffe8,0x00000000f5580000)
 Metaspace       used 60756K, committed 61760K, reserved 1105920K
  class space    used 5979K, committed 6464K, reserved 1048576K
}
Event: 1338.537 GC heap before
{Heap before GC invocations=599 (full 498):
 PSYoungGen      total 53760K, used 39936K [0x00000000f5580000, 0x00000000f9900000, 0x0000000100000000)
  eden space 39936K, 100% used [0x00000000f5580000,0x00000000f7c80000,0x00000000f7c80000)
  from space 13824K, 0% used [0x00000000f7c80000,0x00000000f7c80000,0x00000000f8a00000)
  to   space 13824K, 0% used [0x00000000f8a00000,0x00000000f8a00000,0x00000000f9780000)
 ParOldGen       total 349696K, used 349695K [0x00000000e0000000, 0x00000000f5580000, 0x00000000f5580000)
  object space 349696K, 99% used [0x00000000e0000000,0x00000000f557ffe8,0x00000000f5580000)
 Metaspace       used 60756K, committed 61760K, reserved 1105920K
  class space    used 5979K, committed 6464K, reserved 1048576K
}
Event: 1340.628 GC heap after
{Heap after GC invocations=599 (full 498):
 PSYoungGen      total 53760K, used 39936K [0x00000000f5580000, 0x00000000f9900000, 0x0000000100000000)
  eden space 39936K, 100% used [0x00000000f5580000,0x00000000f7c80000,0x00000000f7c80000)
  from space 13824K, 0% used [0x00000000f8a00000,0x00000000f8a00000,0x00000000f9780000)
  to   space 13824K, 0% used [0x00000000f7c80000,0x00000000f7c80000,0x00000000f8a00000)
 ParOldGen       total 349696K, used 349695K [0x00000000e0000000, 0x00000000f5580000, 0x00000000f5580000)
  object space 349696K, 99% used [0x00000000e0000000,0x00000000f557ffe8,0x00000000f5580000)
 Metaspace       used 60756K, committed 61760K, reserved 1105920K
  class space    used 5979K, committed 6464K, reserved 1048576K
}
Event: 1340.628 GC heap before
{Heap before GC invocations=600 (full 499):
 PSYoungGen      total 53760K, used 39936K [0x00000000f5580000, 0x00000000f9900000, 0x0000000100000000)
  eden space 39936K, 100% used [0x00000000f5580000,0x00000000f7c80000,0x00000000f7c80000)
  from space 13824K, 0% used [0x00000000f8a00000,0x00000000f8a00000,0x00000000f9780000)
  to   space 13824K, 0% used [0x00000000f7c80000,0x00000000f7c80000,0x00000000f8a00000)
 ParOldGen       total 349696K, used 349695K [0x00000000e0000000, 0x00000000f5580000, 0x00000000f5580000)
  object space 349696K, 99% used [0x00000000e0000000,0x00000000f557ffe8,0x00000000f5580000)
 Metaspace       used 60756K, committed 61760K, reserved 1105920K
  class space    used 5979K, committed 6464K, reserved 1048576K
}
Event: 1342.651 GC heap after
{Heap after GC invocations=600 (full 499):
 PSYoungGen      total 53760K, used 39936K [0x00000000f5580000, 0x00000000f9900000, 0x0000000100000000)
  eden space 39936K, 100% used [0x00000000f5580000,0x00000000f7c80000,0x00000000f7c80000)
  from space 13824K, 0% used [0x00000000f7c80000,0x00000000f7c80000,0x00000000f8a00000)
  to   space 13824K, 0% used [0x00000000f8a00000,0x00000000f8a00000,0x00000000f9780000)
 ParOldGen       total 349696K, used 349695K [0x00000000e0000000, 0x00000000f5580000, 0x00000000f5580000)
  object space 349696K, 99% used [0x00000000e0000000,0x00000000f557ffe8,0x00000000f5580000)
 Metaspace       used 60756K, committed 61760K, reserved 1105920K
  class space    used 5979K, committed 6464K, reserved 1048576K
}
Event: 1342.651 GC heap before
{Heap before GC invocations=601 (full 500):
 PSYoungGen      total 53760K, used 39936K [0x00000000f5580000, 0x00000000f9900000, 0x0000000100000000)
  eden space 39936K, 100% used [0x00000000f5580000,0x00000000f7c80000,0x00000000f7c80000)
  from space 13824K, 0% used [0x00000000f7c80000,0x00000000f7c80000,0x00000000f8a00000)
  to   space 13824K, 0% used [0x00000000f8a00000,0x00000000f8a00000,0x00000000f9780000)
 ParOldGen       total 349696K, used 349695K [0x00000000e0000000, 0x00000000f5580000, 0x00000000f5580000)
  object space 349696K, 99% used [0x00000000e0000000,0x00000000f557ffe8,0x00000000f5580000)
 Metaspace       used 60756K, committed 61760K, reserved 1105920K
  class space    used 5979K, committed 6464K, reserved 1048576K
}
Event: 1344.642 GC heap after
{Heap after GC invocations=601 (full 500):
 PSYoungGen      total 53760K, used 39935K [0x00000000f5580000, 0x00000000f9900000, 0x0000000100000000)
  eden space 39936K, 99% used [0x00000000f5580000,0x00000000f7c7ffe8,0x00000000f7c80000)
  from space 13824K, 0% used [0x00000000f8a00000,0x00000000f8a00000,0x00000000f9780000)
  to   space 13824K, 0% used [0x00000000f7c80000,0x00000000f7c80000,0x00000000f8a00000)
 ParOldGen       total 349696K, used 349692K [0x00000000e0000000, 0x00000000f5580000, 0x00000000f5580000)
  object space 349696K, 99% used [0x00000000e0000000,0x00000000f557f380,0x00000000f5580000)
 Metaspace       used 60756K, committed 61760K, reserved 1105920K
  class space    used 5979K, committed 6464K, reserved 1048576K
}
Event: 1344.643 GC heap before
{Heap before GC invocations=602 (full 501):
 PSYoungGen      total 53760K, used 39936K [0x00000000f5580000, 0x00000000f9900000, 0x0000000100000000)
  eden space 39936K, 100% used [0x00000000f5580000,0x00000000f7c80000,0x00000000f7c80000)
  from space 13824K, 0% used [0x00000000f8a00000,0x00000000f8a00000,0x00000000f9780000)
  to   space 13824K, 0% used [0x00000000f7c80000,0x00000000f7c80000,0x00000000f8a00000)
 ParOldGen       total 349696K, used 349694K [0x00000000e0000000, 0x00000000f5580000, 0x00000000f5580000)
  object space 349696K, 99% used [0x00000000e0000000,0x00000000f557f858,0x00000000f5580000)
 Metaspace       used 60756K, committed 61760K, reserved 1105920K
  class space    used 5979K, committed 6464K, reserved 1048576K
}
Event: 1346.562 GC heap after
{Heap after GC invocations=602 (full 501):
 PSYoungGen      total 53760K, used 39935K [0x00000000f5580000, 0x00000000f9900000, 0x0000000100000000)
  eden space 39936K, 99% used [0x00000000f5580000,0x00000000f7c7ffc0,0x00000000f7c80000)
  from space 13824K, 0% used [0x00000000f7c80000,0x00000000f7c80000,0x00000000f8a00000)
  to   space 13824K, 0% used [0x00000000f8a00000,0x00000000f8a00000,0x00000000f9780000)
 ParOldGen       total 349696K, used 349693K [0x00000000e0000000, 0x00000000f5580000, 0x00000000f5580000)
  object space 349696K, 99% used [0x00000000e0000000,0x00000000f557f598,0x00000000f5580000)
 Metaspace       used 60756K, committed 61760K, reserved 1105920K
  class space    used 5979K, committed 6464K, reserved 1048576K
}
Event: 1346.562 GC heap before
{Heap before GC invocations=603 (full 502):
 PSYoungGen      total 53760K, used 39935K [0x00000000f5580000, 0x00000000f9900000, 0x0000000100000000)
  eden space 39936K, 99% used [0x00000000f5580000,0x00000000f7c7ffc0,0x00000000f7c80000)
  from space 13824K, 0% used [0x00000000f7c80000,0x00000000f7c80000,0x00000000f8a00000)
  to   space 13824K, 0% used [0x00000000f8a00000,0x00000000f8a00000,0x00000000f9780000)
 ParOldGen       total 349696K, used 349693K [0x00000000e0000000, 0x00000000f5580000, 0x00000000f5580000)
  object space 349696K, 99% used [0x00000000e0000000,0x00000000f557f598,0x00000000f5580000)
 Metaspace       used 60756K, committed 61760K, reserved 1105920K
  class space    used 5979K, committed 6464K, reserved 1048576K
}
Event: 1348.629 GC heap after
{Heap after GC invocations=603 (full 502):
 PSYoungGen      total 53760K, used 39935K [0x00000000f5580000, 0x00000000f9900000, 0x0000000100000000)
  eden space 39936K, 99% used [0x00000000f5580000,0x00000000f7c7ffc0,0x00000000f7c80000)
  from space 13824K, 0% used [0x00000000f8a00000,0x00000000f8a00000,0x00000000f9780000)
  to   space 13824K, 0% used [0x00000000f7c80000,0x00000000f7c80000,0x00000000f8a00000)
 ParOldGen       total 349696K, used 349693K [0x00000000e0000000, 0x00000000f5580000, 0x00000000f5580000)
  object space 349696K, 99% used [0x00000000e0000000,0x00000000f557f598,0x00000000f5580000)
 Metaspace       used 60756K, committed 61760K, reserved 1105920K
  class space    used 5979K, committed 6464K, reserved 1048576K
}

