# JRE version: OpenJDK Runtime Environment GraalVM CE 22.3.0 (17.0.5+8) (build 17.0.5+8-jvmci-22.3-b08)
# Java VM: OpenJDK 64-Bit Server VM GraalVM CE 22.3.0 (17.0.5+8-jvmci-22.3-b08, mixed mode, sharing, tiered, jvmci, jvmci compiler, compressed oops, compressed class ptrs, parallel gc, linux-amd64)
GC Precious Log:
 CPUs: 8 total, 1 available
 Memory: 1024M
 Large Page Support: Disabled
 NUMA Support: Disabled
 Compressed Oops: Enabled (32-bit)
 Alignments: Space 512K, Generation 512K, Heap 2M
 Heap Min Capacity: 100M
 Heap Initial Capacity: 100M
 Heap Max Capacity: 512M
 Pre-touch: Disabled
 Parallel Workers: 1
Heap:
 PSYoungGen      total 39936K, used 28160K [0x00000000f5580000, 0x00000000f9480000, 0x0000000100000000)
  eden space 28160K, 100% used [0x00000000f5580000,0x00000000f7100000,0x00000000f7100000)
  from space 11776K, 0% used [0x00000000f7100000,0x00000000f7100000,0x00000000f7c80000)
  to   space 15360K, 0% used [0x00000000f8580000,0x00000000f8580000,0x00000000f9480000)
 ParOldGen       total 349696K, used 349693K [0x00000000e0000000, 0x00000000f5580000, 0x00000000f5580000)
  object space 349696K, 99% used [0x00000000e0000000,0x00000000f557f720,0x00000000f5580000)
 Metaspace       used 56436K, committed 57408K, reserved 1105920K
  class space    used 5580K, committed 6016K, reserved 1048576K
GC Heap History (20 events):
Event: 2526.834 GC heap before
{Heap before GC invocations=1087 (full 993):
 PSYoungGen      total 39936K, used 28159K [0x00000000f5580000, 0x00000000f9480000, 0x0000000100000000)
  eden space 28160K, 99% used [0x00000000f5580000,0x00000000f70ffff0,0x00000000f7100000)
  from space 11776K, 0% used [0x00000000f7100000,0x00000000f7100000,0x00000000f7c80000)
  to   space 15360K, 0% used [0x00000000f8580000,0x00000000f8580000,0x00000000f9480000)
 ParOldGen       total 349696K, used 349687K [0x00000000e0000000, 0x00000000f5580000, 0x00000000f5580000)
  object space 349696K, 99% used [0x00000000e0000000,0x00000000f557dfc0,0x00000000f5580000)
 Metaspace       used 56433K, committed 57344K, reserved 1105920K
  class space    used 5579K, committed 6016K, reserved 1048576K
}
Event: 2529.117 GC heap after
{Heap after GC invocations=1087 (full 993):
 PSYoungGen      total 43520K, used 28159K [0x00000000f5580000, 0x00000000f9480000, 0x0000000100000000)
  eden space 28160K, 99% used [0x00000000f5580000,0x00000000f70fffa8,0x00000000f7100000)
  from space 15360K, 0% used [0x00000000f8580000,0x00000000f8580000,0x00000000f9480000)
  to   space 11776K, 0% used [0x00000000f7100000,0x00000000f7100000,0x00000000f7c80000)
 ParOldGen       total 349696K, used 349687K [0x00000000e0000000, 0x00000000f5580000, 0x00000000f5580000)
  object space 349696K, 99% used [0x00000000e0000000,0x00000000f557de68,0x00000000f5580000)
 Metaspace       used 56433K, committed 57344K, reserved 1105920K
  class space    used 5579K, committed 6016K, reserved 1048576K
}
Event: 2529.119 GC heap before
{Heap before GC invocations=1088 (full 994):
 PSYoungGen      total 43520K, used 28159K [0x00000000f5580000, 0x00000000f9480000, 0x0000000100000000)
  eden space 28160K, 99% used [0x00000000f5580000,0x00000000f70ffff0,0x00000000f7100000)
  from space 15360K, 0% used [0x00000000f8580000,0x00000000f8580000,0x00000000f9480000)
  to   space 11776K, 0% used [0x00000000f7100000,0x00000000f7100000,0x00000000f7c80000)
 ParOldGen       total 349696K, used 349687K [0x00000000e0000000, 0x00000000f5580000, 0x00000000f5580000)
  object space 349696K, 99% used [0x00000000e0000000,0x00000000f557de68,0x00000000f5580000)
 Metaspace       used 56433K, committed 57344K, reserved 1105920K
  class space    used 5579K, committed 6016K, reserved 1048576K
}
Event: 2531.238 GC heap after
{Heap after GC invocations=1088 (full 994):
 PSYoungGen      total 39936K, used 28159K [0x00000000f5580000, 0x00000000f9480000, 0x0000000100000000)
  eden space 28160K, 99% used [0x00000000f5580000,0x00000000f70ffff0,0x00000000f7100000)
  from space 11776K, 0% used [0x00000000f7100000,0x00000000f7100000,0x00000000f7c80000)
  to   space 15360K, 0% used [0x00000000f8580000,0x00000000f8580000,0x00000000f9480000)
 ParOldGen       total 349696K, used 349687K [0x00000000e0000000, 0x00000000f5580000, 0x00000000f5580000)
  object space 349696K, 99% used [0x00000000e0000000,0x00000000f557de68,0x00000000f5580000)
 Metaspace       used 56433K, committed 57344K, reserved 1105920K
  class space    used 5579K, committed 6016K, reserved 1048576K
}
Event: 2531.239 GC heap before
{Heap before GC invocations=1089 (full 995):
 PSYoungGen      total 39936K, used 28159K [0x00000000f5580000, 0x00000000f9480000, 0x0000000100000000)
  eden space 28160K, 99% used [0x00000000f5580000,0x00000000f70ffff0,0x00000000f7100000)
  from space 11776K, 0% used [0x00000000f7100000,0x00000000f7100000,0x00000000f7c80000)
  to   space 15360K, 0% used [0x00000000f8580000,0x00000000f8580000,0x00000000f9480000)
 ParOldGen       total 349696K, used 349689K [0x00000000e0000000, 0x00000000f5580000, 0x00000000f5580000)
  object space 349696K, 99% used [0x00000000e0000000,0x00000000f557e5f8,0x00000000f5580000)
 Metaspace       used 56433K, committed 57344K, reserved 1105920K
  class space    used 5579K, committed 6016K, reserved 1048576K
}
Event: 2533.317 GC heap after
{Heap after GC invocations=1089 (full 995):
 PSYoungGen      total 43520K, used 28159K [0x00000000f5580000, 0x00000000f9480000, 0x0000000100000000)
  eden space 28160K, 99% used [0x00000000f5580000,0x00000000f70fff90,0x00000000f7100000)
  from space 15360K, 0% used [0x00000000f8580000,0x00000000f8580000,0x00000000f9480000)
  to   space 11776K, 0% used [0x00000000f7100000,0x00000000f7100000,0x00000000f7c80000)
 ParOldGen       total 349696K, used 349689K [0x00000000e0000000, 0x00000000f5580000, 0x00000000f5580000)
  object space 349696K, 99% used [0x00000000e0000000,0x00000000f557e508,0x00000000f5580000)
 Metaspace       used 56433K, committed 57344K, reserved 1105920K
  class space    used 5579K, committed 6016K, reserved 1048576K
}
Event: 2533.320 GC heap before
{Heap before GC invocations=1090 (full 996):
 PSYoungGen      total 43520K, used 28159K [0x00000000f5580000, 0x00000000f9480000, 0x0000000100000000)
  eden space 28160K, 99% used [0x00000000f5580000,0x00000000f70ffff0,0x00000000f7100000)
  from space 15360K, 0% used [0x00000000f8580000,0x00000000f8580000,0x00000000f9480000)
  to   space 11776K, 0% used [0x00000000f7100000,0x00000000f7100000,0x00000000f7c80000)
 ParOldGen       total 349696K, used 349689K [0x00000000e0000000, 0x00000000f5580000, 0x00000000f5580000)
  object space 349696K, 99% used [0x00000000e0000000,0x00000000f557e508,0x00000000f5580000)
 Metaspace       used 56433K, committed 57344K, reserved 1105920K
  class space    used 5579K, committed 6016K, reserved 1048576K
}
Event: 2535.339 GC heap after
{Heap after GC invocations=1090 (full 996):
 PSYoungGen      total 39936K, used 28159K [0x00000000f5580000, 0x00000000f9480000, 0x0000000100000000)
  eden space 28160K, 99% used [0x00000000f5580000,0x00000000f70ffff0,0x00000000f7100000)
  from space 11776K, 0% used [0x00000000f7100000,0x00000000f7100000,0x00000000f7c80000)
  to   space 15360K, 0% used [0x00000000f8580000,0x00000000f8580000,0x00000000f9480000)
 ParOldGen       total 349696K, used 349689K [0x00000000e0000000, 0x00000000f5580000, 0x00000000f5580000)
  object space 349696K, 99% used [0x00000000e0000000,0x00000000f557e508,0x00000000f5580000)
 Metaspace       used 56433K, committed 57344K, reserved 1105920K
  class space    used 5579K, committed 6016K, reserved 1048576K
}
Event: 2535.342 GC heap before
{Heap before GC invocations=1091 (full 997):
 PSYoungGen      total 39936K, used 28160K [0x00000000f5580000, 0x00000000f9480000, 0x0000000100000000)
  eden space 28160K, 100% used [0x00000000f5580000,0x00000000f7100000,0x00000000f7100000)
  from space 11776K, 0% used [0x00000000f7100000,0x00000000f7100000,0x00000000f7c80000)
  to   space 15360K, 0% used [0x00000000f8580000,0x00000000f8580000,0x00000000f9480000)
 ParOldGen       total 349696K, used 349694K [0x00000000e0000000, 0x00000000f5580000, 0x00000000f5580000)
  object space 349696K, 99% used [0x00000000e0000000,0x00000000f557f9b8,0x00000000f5580000)
 Metaspace       used 56434K, committed 57344K, reserved 1105920K
  class space    used 5579K, committed 6016K, reserved 1048576K
}
Event: 2537.597 GC heap after
{Heap after GC invocations=1091 (full 997):
 PSYoungGen      total 43520K, used 28159K [0x00000000f5580000, 0x00000000f9480000, 0x0000000100000000)
  eden space 28160K, 99% used [0x00000000f5580000,0x00000000f70fff90,0x00000000f7100000)
  from space 15360K, 0% used [0x00000000f8580000,0x00000000f8580000,0x00000000f9480000)
  to   space 11776K, 0% used [0x00000000f7100000,0x00000000f7100000,0x00000000f7c80000)
 ParOldGen       total 349696K, used 349691K [0x00000000e0000000, 0x00000000f5580000, 0x00000000f5580000)
  object space 349696K, 99% used [0x00000000e0000000,0x00000000f557ef28,0x00000000f5580000)
 Metaspace       used 56434K, committed 57344K, reserved 1105920K
  class space    used 5579K, committed 6016K, reserved 1048576K
}
Event: 2537.597 GC heap before
{Heap before GC invocations=1092 (full 998):
 PSYoungGen      total 43520K, used 28159K [0x00000000f5580000, 0x00000000f9480000, 0x0000000100000000)
  eden space 28160K, 99% used [0x00000000f5580000,0x00000000f70fffd8,0x00000000f7100000)
  from space 15360K, 0% used [0x00000000f8580000,0x00000000f8580000,0x00000000f9480000)
  to   space 11776K, 0% used [0x00000000f7100000,0x00000000f7100000,0x00000000f7c80000)
 ParOldGen       total 349696K, used 349691K [0x00000000e0000000, 0x00000000f5580000, 0x00000000f5580000)
  object space 349696K, 99% used [0x00000000e0000000,0x00000000f557ef28,0x00000000f5580000)
 Metaspace       used 56434K, committed 57344K, reserved 1105920K
  class space    used 5579K, committed 6016K, reserved 1048576K
}
Event: 2539.654 GC heap after
{Heap after GC invocations=1092 (full 998):
 PSYoungGen      total 39936K, used 28159K [0x00000000f5580000, 0x00000000f9480000, 0x0000000100000000)
  eden space 28160K, 99% used [0x00000000f5580000,0x00000000f70fffd8,0x00000000f7100000)
  from space 11776K, 0% used [0x00000000f7100000,0x00000000f7100000,0x00000000f7c80000)
  to   space 15360K, 0% used [0x00000000f8580000,0x00000000f8580000,0x00000000f9480000)
 ParOldGen       total 349696K, used 349691K [0x00000000e0000000, 0x00000000f5580000, 0x00000000f5580000)
  object space 349696K, 99% used [0x00000000e0000000,0x00000000f557ef08,0x00000000f5580000)
 Metaspace       used 56434K, committed 57344K, reserved 1105920K
  class space    used 5579K, committed 6016K, reserved 1048576K
}
Event: 2539.655 GC heap before
{Heap before GC invocations=1093 (full 999):
 PSYoungGen      total 39936K, used 28160K [0x00000000f5580000, 0x00000000f9480000, 0x0000000100000000)
  eden space 28160K, 100% used [0x00000000f5580000,0x00000000f7100000,0x00000000f7100000)
  from space 11776K, 0% used [0x00000000f7100000,0x00000000f7100000,0x00000000f7c80000)
  to   space 15360K, 0% used [0x00000000f8580000,0x00000000f8580000,0x00000000f9480000)
 ParOldGen       total 349696K, used 349695K [0x00000000e0000000, 0x00000000f5580000, 0x00000000f5580000)
  object space 349696K, 99% used [0x00000000e0000000,0x00000000f557fe28,0x00000000f5580000)
 Metaspace       used 56436K, committed 57408K, reserved 1105920K
  class space    used 5580K, committed 6016K, reserved 1048576K
}
Event: 2541.645 GC heap after
{Heap after GC invocations=1093 (full 999):
 PSYoungGen      total 43520K, used 28159K [0x00000000f5580000, 0x00000000f9480000, 0x0000000100000000)
  eden space 28160K, 99% used [0x00000000f5580000,0x00000000f70ffe58,0x00000000f7100000)
  from space 15360K, 0% used [0x00000000f8580000,0x00000000f8580000,0x00000000f9480000)
  to   space 11776K, 0% used [0x00000000f7100000,0x00000000f7100000,0x00000000f7c80000)
 ParOldGen       total 349696K, used 349693K [0x00000000e0000000, 0x00000000f5580000, 0x00000000f5580000)
  object space 349696K, 99% used [0x00000000e0000000,0x00000000f557f4c0,0x00000000f5580000)
 Metaspace       used 56436K, committed 57408K, reserved 1105920K
  class space    used 5580K, committed 6016K, reserved 1048576K
}
Event: 2541.646 GC heap before
{Heap before GC invocations=1094 (full 1000):
 PSYoungGen      total 43520K, used 28159K [0x00000000f5580000, 0x00000000f9480000, 0x0000000100000000)
  eden space 28160K, 99% used [0x00000000f5580000,0x00000000f70ffff0,0x00000000f7100000)
  from space 15360K, 0% used [0x00000000f8580000,0x00000000f8580000,0x00000000f9480000)
  to   space 11776K, 0% used [0x00000000f7100000,0x00000000f7100000,0x00000000f7c80000)
 ParOldGen       total 349696K, used 349693K [0x00000000e0000000, 0x00000000f5580000, 0x00000000f5580000)
  object space 349696K, 99% used [0x00000000e0000000,0x00000000f557f4c0,0x00000000f5580000)
 Metaspace       used 56436K, committed 57408K, reserved 1105920K
  class space    used 5580K, committed 6016K, reserved 1048576K
}
Event: 2543.863 GC heap after
{Heap after GC invocations=1094 (full 1000):
 PSYoungGen      total 39936K, used 28159K [0x00000000f5580000, 0x00000000f9480000, 0x0000000100000000)
  eden space 28160K, 99% used [0x00000000f5580000,0x00000000f70ffff0,0x00000000f7100000)
  from space 11776K, 0% used [0x00000000f7100000,0x00000000f7100000,0x00000000f7c80000)
  to   space 15360K, 0% used [0x00000000f8580000,0x00000000f8580000,0x00000000f9480000)
 ParOldGen       total 349696K, used 349693K [0x00000000e0000000, 0x00000000f5580000, 0x00000000f5580000)
  object space 349696K, 99% used [0x00000000e0000000,0x00000000f557f4c0,0x00000000f5580000)
 Metaspace       used 56436K, committed 57408K, reserved 1105920K
  class space    used 5580K, committed 6016K, reserved 1048576K
}
Event: 2543.863 GC heap before
{Heap before GC invocations=1095 (full 1001):
 PSYoungGen      total 39936K, used 28160K [0x00000000f5580000, 0x00000000f9480000, 0x0000000100000000)
  eden space 28160K, 100% used [0x00000000f5580000,0x00000000f7100000,0x00000000f7100000)
  from space 11776K, 0% used [0x00000000f7100000,0x00000000f7100000,0x00000000f7c80000)
  to   space 15360K, 0% used [0x00000000f8580000,0x00000000f8580000,0x00000000f9480000)
 ParOldGen       total 349696K, used 349694K [0x00000000e0000000, 0x00000000f5580000, 0x00000000f5580000)
  object space 349696K, 99% used [0x00000000e0000000,0x00000000f557f980,0x00000000f5580000)
 Metaspace       used 56436K, committed 57408K, reserved 1105920K
  class space    used 5580K, committed 6016K, reserved 1048576K
}
Event: 2545.947 GC heap after
{Heap after GC invocations=1095 (full 1001):
 PSYoungGen      total 43520K, used 28159K [0x00000000f5580000, 0x00000000f9480000, 0x0000000100000000)
  eden space 28160K, 99% used [0x00000000f5580000,0x00000000f70fffc0,0x00000000f7100000)
  from space 15360K, 0% used [0x00000000f8580000,0x00000000f8580000,0x00000000f9480000)
  to   space 11776K, 0% used [0x00000000f7100000,0x00000000f7100000,0x00000000f7c80000)
 ParOldGen       total 349696K, used 349693K [0x00000000e0000000, 0x00000000f5580000, 0x00000000f5580000)
  object space 349696K, 99% used [0x00000000e0000000,0x00000000f557f5e8,0x00000000f5580000)
 Metaspace       used 56436K, committed 57408K, reserved 1105920K
  class space    used 5580K, committed 6016K, reserved 1048576K
}
Event: 2545.947 GC heap before
{Heap before GC invocations=1096 (full 1002):
 PSYoungGen      total 43520K, used 28159K [0x00000000f5580000, 0x00000000f9480000, 0x0000000100000000)
  eden space 28160K, 99% used [0x00000000f5580000,0x00000000f70fffc0,0x00000000f7100000)
  from space 15360K, 0% used [0x00000000f8580000,0x00000000f8580000,0x00000000f9480000)
  to   space 11776K, 0% used [0x00000000f7100000,0x00000000f7100000,0x00000000f7c80000)
 ParOldGen       total 349696K, used 349693K [0x00000000e0000000, 0x00000000f5580000, 0x00000000f5580000)
  object space 349696K, 99% used [0x00000000e0000000,0x00000000f557f5e8,0x00000000f5580000)
 Metaspace       used 56436K, committed 57408K, reserved 1105920K
  class space    used 5580K, committed 6016K, reserved 1048576K
}
Event: 2548.066 GC heap after
{Heap after GC invocations=1096 (full 1002):
 PSYoungGen      total 39936K, used 28159K [0x00000000f5580000, 0x00000000f9480000, 0x0000000100000000)
  eden space 28160K, 99% used [0x00000000f5580000,0x00000000f70fffc0,0x00000000f7100000)
  from space 11776K, 0% used [0x00000000f7100000,0x00000000f7100000,0x00000000f7c80000)
  to   space 15360K, 0% used [0x00000000f8580000,0x00000000f8580000,0x00000000f9480000)
 ParOldGen       total 349696K, used 349693K [0x00000000e0000000, 0x00000000f5580000, 0x00000000f5580000)
  object space 349696K, 99% used [0x00000000e0000000,0x00000000f557f5e8,0x00000000f5580000)
 Metaspace       used 56436K, committed 57408K, reserved 1105920K
  class space    used 5580K, committed 6016K, reserved 1048576K
}

